#
# There is insufficient memory for the Java Runtime Environment to continue.
# Native memory allocation (malloc) failed to allocate 659056 bytes for Chunk::new
# Possible reasons:
#   The system is out of physical RAM or swap space
#   The process is running with CompressedOops enabled, and the Java Heap may be blocking the growth of the native heap
# Possible solutions:
#   Reduce memory load on the system
#   Increase physical memory or swap space
#   Check if swap backing store is full
#   Decrease Java heap size (-Xmx/-Xms)
#   Decrease number of Java threads
#   Decrease Java thread stack sizes (-Xss)
#   Set larger code cache with -XX:ReservedCodeCacheSize=
#   JVM is running with Zero Based Compressed Oops mode in which the Java heap is
#     placed in the first 32GB address space. The Java Heap base address is the
#     maximum limit for the native heap growth. Please use -XX:HeapBaseMinAddress
#     to set the Java Heap base and to place the Java Heap above 32GB virtual address.
# This output file may be truncated or incomplete.
#
#  Out of Memory Error (arena.cpp:189), pid=16508, tid=20268
#
# JRE version: OpenJDK Runtime Environment Corretto-17.0.3.6.1 (17.0.3+6) (build 17.0.3+6-LTS)
# Java VM: OpenJDK 64-Bit Server VM Corretto-17.0.3.6.1 (17.0.3+6-LTS, mixed mode, sharing, tiered, compressed oops, compressed class ptrs, g1 gc, windows-amd64)
# No core dump will be written. Minidumps are not enabled by default on client versions of Windows
#

---------------  S U M M A R Y ------------

Command Line: -Dfile.encoding=UTF-8 -Duser.country=KR -Duser.language=ko -Duser.variant openapi.bldrgst.BldrgstApplication

Host: AMD Ryzen 5 5600U with Radeon Graphics         , 12 cores, 14G,  Windows 11 , 64 bit Build 22621 (10.0.22621.1344)
Time: Thu Apr  6 17:52:35 2023  Windows 11 , 64 bit Build 22621 (10.0.22621.1344) elapsed time: 2.210994 seconds (0d 0h 0m 2s)

---------------  T H R E A D  ---------------

Current thread (0x0000027e700bf3e0):  JavaThread "C2 CompilerThread1" daemon [_thread_in_native, id=20268, stack(0x000000ed54e00000,0x000000ed54f00000)]


Current CompileTask:
C2:   2211 1603       4       jdk.internal.org.objectweb.asm.Frame::execute (2305 bytes)

Stack: [0x000000ed54e00000,0x000000ed54f00000]
Native frames: (J=compiled Java code, j=interpreted, Vv=VM code, C=native code)
V  [jvm.dll+0x645e5a]
V  [jvm.dll+0x7f6fc4]
V  [jvm.dll+0x7f877e]
V  [jvm.dll+0x7f8dd3]
V  [jvm.dll+0x234bb8]
V  [jvm.dll+0xbce1b]
V  [jvm.dll+0xbd3ac]
V  [jvm.dll+0x29be52]
V  [jvm.dll+0x552daa]
V  [jvm.dll+0x211276]
V  [jvm.dll+0x20a679]
V  [jvm.dll+0x2086a2]
V  [jvm.dll+0x198b5d]
V  [jvm.dll+0x217b49]
V  [jvm.dll+0x215d9b]
V  [jvm.dll+0x7af68b]
V  [jvm.dll+0x7a9c9a]
V  [jvm.dll+0x644d05]
C  [ucrtbase.dll+0x29363]
C  [KERNEL32.DLL+0x126bd]
C  [ntdll.dll+0x5a9f8]


---------------  P R O C E S S  ---------------

Threads class SMR info:
_java_thread_list=0x0000027e7081fcf0, length=14, elements={
0x0000027e4c836860, 0x0000027e6ecb59b0, 0x0000027e6ecb6360, 0x0000027e6fc13a30,
0x0000027e6ecce630, 0x0000027e6fc041a0, 0x0000027e6fc04b50, 0x0000027e6fc0dd60,
0x0000027e6fc1c3d0, 0x0000027e6fc0f760, 0x0000027e6fd49db0, 0x0000027e6fd50940,
0x0000027e700bf3e0, 0x0000027e7078f140
}

Java Threads: ( => current thread )
  0x0000027e4c836860 JavaThread "main" [_thread_in_vm, id=18388, stack(0x000000ed53b00000,0x000000ed53c00000)]
  0x0000027e6ecb59b0 JavaThread "Reference Handler" daemon [_thread_blocked, id=14504, stack(0x000000ed54200000,0x000000ed54300000)]
  0x0000027e6ecb6360 JavaThread "Finalizer" daemon [_thread_blocked, id=20312, stack(0x000000ed54300000,0x000000ed54400000)]
  0x0000027e6fc13a30 JavaThread "Signal Dispatcher" daemon [_thread_blocked, id=19008, stack(0x000000ed54400000,0x000000ed54500000)]
  0x0000027e6ecce630 JavaThread "Attach Listener" daemon [_thread_blocked, id=22536, stack(0x000000ed54500000,0x000000ed54600000)]
  0x0000027e6fc041a0 JavaThread "Service Thread" daemon [_thread_blocked, id=13172, stack(0x000000ed54600000,0x000000ed54700000)]
  0x0000027e6fc04b50 JavaThread "Monitor Deflation Thread" daemon [_thread_blocked, id=23684, stack(0x000000ed54700000,0x000000ed54800000)]
  0x0000027e6fc0dd60 JavaThread "C2 CompilerThread0" daemon [_thread_in_native, id=18640, stack(0x000000ed54800000,0x000000ed54900000)]
  0x0000027e6fc1c3d0 JavaThread "C1 CompilerThread0" daemon [_thread_blocked, id=26368, stack(0x000000ed54900000,0x000000ed54a00000)]
  0x0000027e6fc0f760 JavaThread "Sweeper thread" daemon [_thread_blocked, id=2584, stack(0x000000ed54a00000,0x000000ed54b00000)]
  0x0000027e6fd49db0 JavaThread "Notification Thread" daemon [_thread_blocked, id=21728, stack(0x000000ed54b00000,0x000000ed54c00000)]
  0x0000027e6fd50940 JavaThread "Common-Cleaner" daemon [_thread_blocked, id=16072, stack(0x000000ed54d00000,0x000000ed54e00000)]
=>0x0000027e700bf3e0 JavaThread "C2 CompilerThread1" daemon [_thread_in_native, id=20268, stack(0x000000ed54e00000,0x000000ed54f00000)]
  0x0000027e7078f140 JavaThread "background-preinit" [_thread_in_vm, id=3840, stack(0x000000ed55500000,0x000000ed55600000)]

Other Threads:
  0x0000027e6ecb2020 VMThread "VM Thread" [stack: 0x000000ed54100000,0x000000ed54200000] [id=13204]
  0x0000027e6fd4a690 WatcherThread [stack: 0x000000ed54c00000,0x000000ed54d00000] [id=19272]
  0x0000027e4c89bc00 GCTaskThread "GC Thread#0" [stack: 0x000000ed53c00000,0x000000ed53d00000] [id=7300]
  0x0000027e70338920 GCTaskThread "GC Thread#1" [stack: 0x000000ed54f00000,0x000000ed55000000] [id=26228]
  0x0000027e70338bd0 GCTaskThread "GC Thread#2" [stack: 0x000000ed55000000,0x000000ed55100000] [id=8472]
  0x0000027e70338e80 GCTaskThread "GC Thread#3" [stack: 0x000000ed55100000,0x000000ed55200000] [id=25564]
  0x0000027e70745180 GCTaskThread "GC Thread#4" [stack: 0x000000ed55200000,0x000000ed55300000] [id=18260]
  0x0000027e701e5a90 GCTaskThread "GC Thread#5" [stack: 0x000000ed55300000,0x000000ed55400000] [id=15208]
  0x0000027e706ff070 GCTaskThread "GC Thread#6" [stack: 0x000000ed55400000,0x000000ed55500000] [id=6836]
  0x0000027e70c6c040 GCTaskThread "GC Thread#7" [stack: 0x000000ed55600000,0x000000ed55700000] [id=26348]
  0x0000027e70af6470 GCTaskThread "GC Thread#8" [stack: 0x000000ed55700000,0x000000ed55800000] [id=14680]
  0x0000027e4c8ad8f0 ConcurrentGCThread "G1 Main Marker" [stack: 0x000000ed53d00000,0x000000ed53e00000] [id=23864]
  0x0000027e4c8aea40 ConcurrentGCThread "G1 Conc#0" [stack: 0x000000ed53e00000,0x000000ed53f00000] [id=24416]
  0x0000027e4c8f4c10 ConcurrentGCThread "G1 Refine#0" [stack: 0x000000ed53f00000,0x000000ed54000000] [id=16784]
  0x0000027e4c8f53d0 ConcurrentGCThread "G1 Service" [stack: 0x000000ed54000000,0x000000ed54100000] [id=25064]

Threads with active compile tasks:
C2 CompilerThread0     2272 1512       4       java.net.URLStreamHandler::parseURL (1201 bytes)
C2 CompilerThread1     2272 1603       4       jdk.internal.org.objectweb.asm.Frame::execute (2305 bytes)

VM state: not at safepoint (normal execution)

VM Mutex/Monitor currently owned by a thread:  ([mutex/lock_event])
[0x0000027e4c831670] Metaspace_lock - owner thread: 0x0000027e4c836860

Heap address: 0x0000000712c00000, size: 3796 MB, Compressed Oops mode: Zero based, Oop shift amount: 3

CDS archive(s) mapped at: [0x0000000800000000-0x0000000800bc0000-0x0000000800bc0000), size 12320768, SharedBaseAddress: 0x0000000800000000, ArchiveRelocationMode: 0.
Compressed class space mapped at: 0x0000000800c00000-0x0000000840c00000, reserved size: 1073741824
Narrow klass base: 0x0000000800000000, Narrow klass shift: 0, Narrow klass range: 0x100000000

GC Precious Log:
 CPUs: 12 total, 12 available
 Memory: 15182M
 Large Page Support: Disabled
 NUMA Support: Disabled
 Compressed Oops: Enabled (Zero based)
 Heap Region Size: 2M
 Heap Min Capacity: 8M
 Heap Initial Capacity: 238M
 Heap Max Capacity: 3796M
 Pre-touch: Disabled
 Parallel Workers: 10
 Concurrent Workers: 3
 Concurrent Refinement Workers: 10
 Periodic GC: Disabled

Heap:
 garbage-first heap   total 243712K, used 13871K [0x0000000712c00000, 0x0000000800000000)
  region size 2048K, 5 young (10240K), 1 survivors (2048K)
 Metaspace       used 12559K, committed 12736K, reserved 1064960K
  class space    used 1538K, committed 1600K, reserved 1048576K

Heap Regions: E=young(eden), S=young(survivor), O=old, HS=humongous(starts), HC=humongous(continues), CS=collection set, F=free, OA=open archive, CA=closed archive, TAMS=top-at-mark-start (previous, next)
|   0|0x0000000712c00000, 0x0000000712e00000, 0x0000000712e00000|100%| O|  |TAMS 0x0000000712c00000, 0x0000000712c00000| Untracked 
|   1|0x0000000712e00000, 0x0000000713000000, 0x0000000713000000|100%| O|  |TAMS 0x0000000712e00000, 0x0000000712e00000| Untracked 
|   2|0x0000000713000000, 0x0000000713200000, 0x0000000713200000|100%| O|  |TAMS 0x0000000713000000, 0x0000000713000000| Untracked 
|   3|0x0000000713200000, 0x000000071321f200, 0x0000000713400000|  6%| O|  |TAMS 0x0000000713200000, 0x0000000713200000| Untracked 
|   4|0x0000000713400000, 0x0000000713400000, 0x0000000713600000|  0%| F|  |TAMS 0x0000000713400000, 0x0000000713400000| Untracked 
|   5|0x0000000713600000, 0x0000000713600000, 0x0000000713800000|  0%| F|  |TAMS 0x0000000713600000, 0x0000000713600000| Untracked 
|   6|0x0000000713800000, 0x0000000713800000, 0x0000000713a00000|  0%| F|  |TAMS 0x0000000713800000, 0x0000000713800000| Untracked 
|   7|0x0000000713a00000, 0x0000000713a00000, 0x0000000713c00000|  0%| F|  |TAMS 0x0000000713a00000, 0x0000000713a00000| Untracked 
|   8|0x0000000713c00000, 0x0000000713c00000, 0x0000000713e00000|  0%| F|  |TAMS 0x0000000713c00000, 0x0000000713c00000| Untracked 
|   9|0x0000000713e00000, 0x0000000713e00000, 0x0000000714000000|  0%| F|  |TAMS 0x0000000713e00000, 0x0000000713e00000| Untracked 
|  10|0x0000000714000000, 0x0000000714000000, 0x0000000714200000|  0%| F|  |TAMS 0x0000000714000000, 0x0000000714000000| Untracked 
|  11|0x0000000714200000, 0x0000000714200000, 0x0000000714400000|  0%| F|  |TAMS 0x0000000714200000, 0x0000000714200000| Untracked 
|  12|0x0000000714400000, 0x0000000714400000, 0x0000000714600000|  0%| F|  |TAMS 0x0000000714400000, 0x0000000714400000| Untracked 
|  13|0x0000000714600000, 0x0000000714600000, 0x0000000714800000|  0%| F|  |TAMS 0x0000000714600000, 0x0000000714600000| Untracked 
|  14|0x0000000714800000, 0x0000000714800000, 0x0000000714a00000|  0%| F|  |TAMS 0x0000000714800000, 0x0000000714800000| Untracked 
|  15|0x0000000714a00000, 0x0000000714a00000, 0x0000000714c00000|  0%| F|  |TAMS 0x0000000714a00000, 0x0000000714a00000| Untracked 
|  16|0x0000000714c00000, 0x0000000714c00000, 0x0000000714e00000|  0%| F|  |TAMS 0x0000000714c00000, 0x0000000714c00000| Untracked 
|  17|0x0000000714e00000, 0x0000000714e00000, 0x0000000715000000|  0%| F|  |TAMS 0x0000000714e00000, 0x0000000714e00000| Untracked 
|  18|0x0000000715000000, 0x0000000715000000, 0x0000000715200000|  0%| F|  |TAMS 0x0000000715000000, 0x0000000715000000| Untracked 
|  19|0x0000000715200000, 0x0000000715200000, 0x0000000715400000|  0%| F|  |TAMS 0x0000000715200000, 0x0000000715200000| Untracked 
|  20|0x0000000715400000, 0x0000000715400000, 0x0000000715600000|  0%| F|  |TAMS 0x0000000715400000, 0x0000000715400000| Untracked 
|  21|0x0000000715600000, 0x0000000715600000, 0x0000000715800000|  0%| F|  |TAMS 0x0000000715600000, 0x0000000715600000| Untracked 
|  22|0x0000000715800000, 0x0000000715800000, 0x0000000715a00000|  0%| F|  |TAMS 0x0000000715800000, 0x0000000715800000| Untracked 
|  23|0x0000000715a00000, 0x0000000715a00000, 0x0000000715c00000|  0%| F|  |TAMS 0x0000000715a00000, 0x0000000715a00000| Untracked 
|  24|0x0000000715c00000, 0x0000000715c00000, 0x0000000715e00000|  0%| F|  |TAMS 0x0000000715c00000, 0x0000000715c00000| Untracked 
|  25|0x0000000715e00000, 0x0000000715e00000, 0x0000000716000000|  0%| F|  |TAMS 0x0000000715e00000, 0x0000000715e00000| Untracked 
|  26|0x0000000716000000, 0x0000000716000000, 0x0000000716200000|  0%| F|  |TAMS 0x0000000716000000, 0x0000000716000000| Untracked 
|  27|0x0000000716200000, 0x0000000716200000, 0x0000000716400000|  0%| F|  |TAMS 0x0000000716200000, 0x0000000716200000| Untracked 
|  28|0x0000000716400000, 0x0000000716400000, 0x0000000716600000|  0%| F|  |TAMS 0x0000000716400000, 0x0000000716400000| Untracked 
|  29|0x0000000716600000, 0x0000000716600000, 0x0000000716800000|  0%| F|  |TAMS 0x0000000716600000, 0x0000000716600000| Untracked 
|  30|0x0000000716800000, 0x0000000716800000, 0x0000000716a00000|  0%| F|  |TAMS 0x0000000716800000, 0x0000000716800000| Untracked 
|  31|0x0000000716a00000, 0x0000000716a00000, 0x0000000716c00000|  0%| F|  |TAMS 0x0000000716a00000, 0x0000000716a00000| Untracked 
|  32|0x0000000716c00000, 0x0000000716c00000, 0x0000000716e00000|  0%| F|  |TAMS 0x0000000716c00000, 0x0000000716c00000| Untracked 
|  33|0x0000000716e00000, 0x0000000716e00000, 0x0000000717000000|  0%| F|  |TAMS 0x0000000716e00000, 0x0000000716e00000| Untracked 
|  34|0x0000000717000000, 0x0000000717000000, 0x0000000717200000|  0%| F|  |TAMS 0x0000000717000000, 0x0000000717000000| Untracked 
|  35|0x0000000717200000, 0x0000000717200000, 0x0000000717400000|  0%| F|  |TAMS 0x0000000717200000, 0x0000000717200000| Untracked 
|  36|0x0000000717400000, 0x0000000717400000, 0x0000000717600000|  0%| F|  |TAMS 0x0000000717400000, 0x0000000717400000| Untracked 
|  37|0x0000000717600000, 0x0000000717600000, 0x0000000717800000|  0%| F|  |TAMS 0x0000000717600000, 0x0000000717600000| Untracked 
|  38|0x0000000717800000, 0x0000000717800000, 0x0000000717a00000|  0%| F|  |TAMS 0x0000000717800000, 0x0000000717800000| Untracked 
|  39|0x0000000717a00000, 0x0000000717a00000, 0x0000000717c00000|  0%| F|  |TAMS 0x0000000717a00000, 0x0000000717a00000| Untracked 
|  40|0x0000000717c00000, 0x0000000717c00000, 0x0000000717e00000|  0%| F|  |TAMS 0x0000000717c00000, 0x0000000717c00000| Untracked 
|  41|0x0000000717e00000, 0x0000000717e00000, 0x0000000718000000|  0%| F|  |TAMS 0x0000000717e00000, 0x0000000717e00000| Untracked 
|  42|0x0000000718000000, 0x0000000718000000, 0x0000000718200000|  0%| F|  |TAMS 0x0000000718000000, 0x0000000718000000| Untracked 
|  43|0x0000000718200000, 0x0000000718200000, 0x0000000718400000|  0%| F|  |TAMS 0x0000000718200000, 0x0000000718200000| Untracked 
|  44|0x0000000718400000, 0x0000000718400000, 0x0000000718600000|  0%| F|  |TAMS 0x0000000718400000, 0x0000000718400000| Untracked 
|  45|0x0000000718600000, 0x0000000718600000, 0x0000000718800000|  0%| F|  |TAMS 0x0000000718600000, 0x0000000718600000| Untracked 
|  46|0x0000000718800000, 0x0000000718800000, 0x0000000718a00000|  0%| F|  |TAMS 0x0000000718800000, 0x0000000718800000| Untracked 
|  47|0x0000000718a00000, 0x0000000718a00000, 0x0000000718c00000|  0%| F|  |TAMS 0x0000000718a00000, 0x0000000718a00000| Untracked 
|  48|0x0000000718c00000, 0x0000000718c00000, 0x0000000718e00000|  0%| F|  |TAMS 0x0000000718c00000, 0x0000000718c00000| Untracked 
|  49|0x0000000718e00000, 0x0000000718e00000, 0x0000000719000000|  0%| F|  |TAMS 0x0000000718e00000, 0x0000000718e00000| Untracked 
|  50|0x0000000719000000, 0x0000000719000000, 0x0000000719200000|  0%| F|  |TAMS 0x0000000719000000, 0x0000000719000000| Untracked 
|  51|0x0000000719200000, 0x0000000719200000, 0x0000000719400000|  0%| F|  |TAMS 0x0000000719200000, 0x0000000719200000| Untracked 
|  52|0x0000000719400000, 0x0000000719400000, 0x0000000719600000|  0%| F|  |TAMS 0x0000000719400000, 0x0000000719400000| Untracked 
|  53|0x0000000719600000, 0x0000000719600000, 0x0000000719800000|  0%| F|  |TAMS 0x0000000719600000, 0x0000000719600000| Untracked 
|  54|0x0000000719800000, 0x0000000719800000, 0x0000000719a00000|  0%| F|  |TAMS 0x0000000719800000, 0x0000000719800000| Untracked 
|  55|0x0000000719a00000, 0x0000000719a00000, 0x0000000719c00000|  0%| F|  |TAMS 0x0000000719a00000, 0x0000000719a00000| Untracked 
|  56|0x0000000719c00000, 0x0000000719c00000, 0x0000000719e00000|  0%| F|  |TAMS 0x0000000719c00000, 0x0000000719c00000| Untracked 
|  57|0x0000000719e00000, 0x0000000719e00000, 0x000000071a000000|  0%| F|  |TAMS 0x0000000719e00000, 0x0000000719e00000| Untracked 
|  58|0x000000071a000000, 0x000000071a000000, 0x000000071a200000|  0%| F|  |TAMS 0x000000071a000000, 0x000000071a000000| Untracked 
|  59|0x000000071a200000, 0x000000071a200000, 0x000000071a400000|  0%| F|  |TAMS 0x000000071a200000, 0x000000071a200000| Untracked 
|  60|0x000000071a400000, 0x000000071a400000, 0x000000071a600000|  0%| F|  |TAMS 0x000000071a400000, 0x000000071a400000| Untracked 
|  61|0x000000071a600000, 0x000000071a600000, 0x000000071a800000|  0%| F|  |TAMS 0x000000071a600000, 0x000000071a600000| Untracked 
|  62|0x000000071a800000, 0x000000071a800000, 0x000000071aa00000|  0%| F|  |TAMS 0x000000071a800000, 0x000000071a800000| Untracked 
|  63|0x000000071aa00000, 0x000000071aa00000, 0x000000071ac00000|  0%| F|  |TAMS 0x000000071aa00000, 0x000000071aa00000| Untracked 
|  64|0x000000071ac00000, 0x000000071ac00000, 0x000000071ae00000|  0%| F|  |TAMS 0x000000071ac00000, 0x000000071ac00000| Untracked 
|  65|0x000000071ae00000, 0x000000071ae00000, 0x000000071b000000|  0%| F|  |TAMS 0x000000071ae00000, 0x000000071ae00000| Untracked 
|  66|0x000000071b000000, 0x000000071b000000, 0x000000071b200000|  0%| F|  |TAMS 0x000000071b000000, 0x000000071b000000| Untracked 
|  67|0x000000071b200000, 0x000000071b200000, 0x000000071b400000|  0%| F|  |TAMS 0x000000071b200000, 0x000000071b200000| Untracked 
|  68|0x000000071b400000, 0x000000071b400000, 0x000000071b600000|  0%| F|  |TAMS 0x000000071b400000, 0x000000071b400000| Untracked 
|  69|0x000000071b600000, 0x000000071b600000, 0x000000071b800000|  0%| F|  |TAMS 0x000000071b600000, 0x000000071b600000| Untracked 
|  70|0x000000071b800000, 0x000000071b800000, 0x000000071ba00000|  0%| F|  |TAMS 0x000000071b800000, 0x000000071b800000| Untracked 
|  71|0x000000071ba00000, 0x000000071ba00000, 0x000000071bc00000|  0%| F|  |TAMS 0x000000071ba00000, 0x000000071ba00000| Untracked 
|  72|0x000000071bc00000, 0x000000071bc00000, 0x000000071be00000|  0%| F|  |TAMS 0x000000071bc00000, 0x000000071bc00000| Untracked 
|  73|0x000000071be00000, 0x000000071be00000, 0x000000071c000000|  0%| F|  |TAMS 0x000000071be00000, 0x000000071be00000| Untracked 
|  74|0x000000071c000000, 0x000000071c000000, 0x000000071c200000|  0%| F|  |TAMS 0x000000071c000000, 0x000000071c000000| Untracked 
|  75|0x000000071c200000, 0x000000071c200000, 0x000000071c400000|  0%| F|  |TAMS 0x000000071c200000, 0x000000071c200000| Untracked 
|  76|0x000000071c400000, 0x000000071c400000, 0x000000071c600000|  0%| F|  |TAMS 0x000000071c400000, 0x000000071c400000| Untracked 
|  77|0x000000071c600000, 0x000000071c600000, 0x000000071c800000|  0%| F|  |TAMS 0x000000071c600000, 0x000000071c600000| Untracked 
|  78|0x000000071c800000, 0x000000071c800000, 0x000000071ca00000|  0%| F|  |TAMS 0x000000071c800000, 0x000000071c800000| Untracked 
|  79|0x000000071ca00000, 0x000000071ca00000, 0x000000071cc00000|  0%| F|  |TAMS 0x000000071ca00000, 0x000000071ca00000| Untracked 
|  80|0x000000071cc00000, 0x000000071cc00000, 0x000000071ce00000|  0%| F|  |TAMS 0x000000071cc00000, 0x000000071cc00000| Untracked 
|  81|0x000000071ce00000, 0x000000071ce00000, 0x000000071d000000|  0%| F|  |TAMS 0x000000071ce00000, 0x000000071ce00000| Untracked 
|  82|0x000000071d000000, 0x000000071d000000, 0x000000071d200000|  0%| F|  |TAMS 0x000000071d000000, 0x000000071d000000| Untracked 
|  83|0x000000071d200000, 0x000000071d200000, 0x000000071d400000|  0%| F|  |TAMS 0x000000071d200000, 0x000000071d200000| Untracked 
|  84|0x000000071d400000, 0x000000071d400000, 0x000000071d600000|  0%| F|  |TAMS 0x000000071d400000, 0x000000071d400000| Untracked 
|  85|0x000000071d600000, 0x000000071d600000, 0x000000071d800000|  0%| F|  |TAMS 0x000000071d600000, 0x000000071d600000| Untracked 
|  86|0x000000071d800000, 0x000000071d800000, 0x000000071da00000|  0%| F|  |TAMS 0x000000071d800000, 0x000000071d800000| Untracked 
|  87|0x000000071da00000, 0x000000071da00000, 0x000000071dc00000|  0%| F|  |TAMS 0x000000071da00000, 0x000000071da00000| Untracked 
|  88|0x000000071dc00000, 0x000000071dc00000, 0x000000071de00000|  0%| F|  |TAMS 0x000000071dc00000, 0x000000071dc00000| Untracked 
|  89|0x000000071de00000, 0x000000071de00000, 0x000000071e000000|  0%| F|  |TAMS 0x000000071de00000, 0x000000071de00000| Untracked 
|  90|0x000000071e000000, 0x000000071e000000, 0x000000071e200000|  0%| F|  |TAMS 0x000000071e000000, 0x000000071e000000| Untracked 
|  91|0x000000071e200000, 0x000000071e200000, 0x000000071e400000|  0%| F|  |TAMS 0x000000071e200000, 0x000000071e200000| Untracked 
|  92|0x000000071e400000, 0x000000071e400000, 0x000000071e600000|  0%| F|  |TAMS 0x000000071e400000, 0x000000071e400000| Untracked 
|  93|0x000000071e600000, 0x000000071e600000, 0x000000071e800000|  0%| F|  |TAMS 0x000000071e600000, 0x000000071e600000| Untracked 
|  94|0x000000071e800000, 0x000000071e800000, 0x000000071ea00000|  0%| F|  |TAMS 0x000000071e800000, 0x000000071e800000| Untracked 
|  95|0x000000071ea00000, 0x000000071ea00000, 0x000000071ec00000|  0%| F|  |TAMS 0x000000071ea00000, 0x000000071ea00000| Untracked 
|  96|0x000000071ec00000, 0x000000071ec00000, 0x000000071ee00000|  0%| F|  |TAMS 0x000000071ec00000, 0x000000071ec00000| Untracked 
|  97|0x000000071ee00000, 0x000000071ee00000, 0x000000071f000000|  0%| F|  |TAMS 0x000000071ee00000, 0x000000071ee00000| Untracked 
|  98|0x000000071f000000, 0x000000071f000000, 0x000000071f200000|  0%| F|  |TAMS 0x000000071f000000, 0x000000071f000000| Untracked 
|  99|0x000000071f200000, 0x000000071f200000, 0x000000071f400000|  0%| F|  |TAMS 0x000000071f200000, 0x000000071f200000| Untracked 
| 100|0x000000071f400000, 0x000000071f400000, 0x000000071f600000|  0%| F|  |TAMS 0x000000071f400000, 0x000000071f400000| Untracked 
| 101|0x000000071f600000, 0x000000071f600000, 0x000000071f800000|  0%| F|  |TAMS 0x000000071f600000, 0x000000071f600000| Untracked 
| 102|0x000000071f800000, 0x000000071f800000, 0x000000071fa00000|  0%| F|  |TAMS 0x000000071f800000, 0x000000071f800000| Untracked 
| 103|0x000000071fa00000, 0x000000071fa00000, 0x000000071fc00000|  0%| F|  |TAMS 0x000000071fa00000, 0x000000071fa00000| Untracked 
| 104|0x000000071fc00000, 0x000000071fc00000, 0x000000071fe00000|  0%| F|  |TAMS 0x000000071fc00000, 0x000000071fc00000| Untracked 
| 105|0x000000071fe00000, 0x000000071ff6cc10, 0x0000000720000000| 71%| S|CS|TAMS 0x000000071fe00000, 0x000000071fe00000| Complete 
| 106|0x0000000720000000, 0x0000000720000000, 0x0000000720200000|  0%| F|  |TAMS 0x0000000720000000, 0x0000000720000000| Untracked 
| 107|0x0000000720200000, 0x0000000720200000, 0x0000000720400000|  0%| F|  |TAMS 0x0000000720200000, 0x0000000720200000| Untracked 
| 108|0x0000000720400000, 0x0000000720400000, 0x0000000720600000|  0%| F|  |TAMS 0x0000000720400000, 0x0000000720400000| Untracked 
| 109|0x0000000720600000, 0x0000000720600000, 0x0000000720800000|  0%| F|  |TAMS 0x0000000720600000, 0x0000000720600000| Untracked 
| 110|0x0000000720800000, 0x0000000720800000, 0x0000000720a00000|  0%| F|  |TAMS 0x0000000720800000, 0x0000000720800000| Untracked 
| 111|0x0000000720a00000, 0x0000000720a00000, 0x0000000720c00000|  0%| F|  |TAMS 0x0000000720a00000, 0x0000000720a00000| Untracked 
| 112|0x0000000720c00000, 0x0000000720c00000, 0x0000000720e00000|  0%| F|  |TAMS 0x0000000720c00000, 0x0000000720c00000| Untracked 
| 113|0x0000000720e00000, 0x0000000720e00000, 0x0000000721000000|  0%| F|  |TAMS 0x0000000720e00000, 0x0000000720e00000| Untracked 
| 114|0x0000000721000000, 0x0000000721000000, 0x0000000721200000|  0%| F|  |TAMS 0x0000000721000000, 0x0000000721000000| Untracked 
| 115|0x0000000721200000, 0x000000072126a580, 0x0000000721400000| 20%| E|  |TAMS 0x0000000721200000, 0x0000000721200000| Complete 
| 116|0x0000000721400000, 0x0000000721600000, 0x0000000721600000|100%| E|CS|TAMS 0x0000000721400000, 0x0000000721400000| Complete 
| 117|0x0000000721600000, 0x0000000721800000, 0x0000000721800000|100%| E|CS|TAMS 0x0000000721600000, 0x0000000721600000| Complete 
| 118|0x0000000721800000, 0x0000000721a00000, 0x0000000721a00000|100%| E|CS|TAMS 0x0000000721800000, 0x0000000721800000| Complete 

Card table byte_map: [0x0000027e63ff0000,0x0000027e64760000] _byte_map_base: 0x0000027e6075a000

Marking Bits (Prev, Next): (CMBitMap*) 0x0000027e4c89e120, (CMBitMap*) 0x0000027e4c89e160
 Prev Bits: [0x0000027e64ed0000, 0x0000027e68a20000)
 Next Bits: [0x0000027e68a20000, 0x0000027e6c570000)

Polling page: 0x0000027e4c000000

Metaspace:

Usage:
  Non-class:     10.76 MB used.
      Class:      1.50 MB used.
       Both:     12.27 MB used.

Virtual space:
  Non-class space:       16.00 MB reserved,      10.88 MB ( 68%) committed,  2 nodes.
      Class space:        1.00 GB reserved,       1.56 MB ( <1%) committed,  1 nodes.
             Both:        1.02 GB reserved,      12.44 MB (  1%) committed. 

Chunk freelists:
   Non-Class:  560.00 KB
       Class:  2.44 MB
        Both:  2.98 MB

MaxMetaspaceSize: unlimited
CompressedClassSpaceSize: 1.00 GB
Initial GC threshold: 21.00 MB
Current GC threshold: 21.00 MB
CDS: on
MetaspaceReclaimPolicy: balanced
 - commit_granule_bytes: 65536.
 - commit_granule_words: 8192.
 - virtual_space_node_default_size: 1048576.
 - enlarge_chunks_in_place: 1.
 - new_chunks_are_fully_committed: 0.
 - uncommit_free_chunks: 1.
 - use_allocation_guard: 0.
 - handle_deallocations: 1.


Internal statistics:

num_allocs_failed_limit: 0.
num_arena_births: 140.
num_arena_deaths: 0.
num_vsnodes_births: 3.
num_vsnodes_deaths: 0.
num_space_committed: 199.
num_space_uncommitted: 0.
num_chunks_returned_to_freelist: 0.
num_chunks_taken_from_freelist: 528.
num_chunk_merges: 0.
num_chunk_splits: 359.
num_chunks_enlarged: 295.
num_purges: 0.
num_inconsistent_stats: 0.

CodeHeap 'non-profiled nmethods': size=120000Kb used=611Kb max_used=611Kb free=119389Kb
 bounds [0x0000027e5bdf0000, 0x0000027e5c060000, 0x0000027e63320000]
CodeHeap 'profiled nmethods': size=120000Kb used=3023Kb max_used=3023Kb free=116976Kb
 bounds [0x0000027e548c0000, 0x0000027e54bc0000, 0x0000027e5bdf0000]
CodeHeap 'non-nmethods': size=5760Kb used=1168Kb max_used=1205Kb free=4591Kb
 bounds [0x0000027e54320000, 0x0000027e54590000, 0x0000027e548c0000]
 total_blobs=2093 nmethods=1632 adapters=373
 compilation: enabled
              stopped_count=0, restarted_count=0
 full_count=0

Compilation events (20 events):
Event: 2.175 Thread 0x0000027e6fc1c3d0 1625       1       org.springframework.core.annotation.AnnotationTypeMapping$MirrorSets::access$400 (5 bytes)
Event: 2.175 Thread 0x0000027e6fc1c3d0 nmethod 1625 0x0000027e5be87c10 code [0x0000027e5be87da0, 0x0000027e5be87e58]
Event: 2.175 Thread 0x0000027e6fc1c3d0 1626       3       java.lang.reflect.Constructor::newInstance (34 bytes)
Event: 2.175 Thread 0x0000027e6fc1c3d0 nmethod 1626 0x0000027e54baeb90 code [0x0000027e54baed40, 0x0000027e54baef78]
Event: 2.176 Thread 0x0000027e6fc1c3d0 1627       1       org.springframework.core.annotation.AnnotationTypeMapping::getDistance (5 bytes)
Event: 2.176 Thread 0x0000027e6fc1c3d0 nmethod 1627 0x0000027e5be87f10 code [0x0000027e5be880a0, 0x0000027e5be88178]
Event: 2.176 Thread 0x0000027e6fc1c3d0 1628   !   3       java.lang.Class::getEnumConstantsShared (71 bytes)
Event: 2.179 Thread 0x0000027e6fc1c3d0 nmethod 1628 0x0000027e54baf090 code [0x0000027e54baf3c0, 0x0000027e54bb07f8]
Event: 2.180 Thread 0x0000027e6fc1c3d0 1629       3       org.springframework.core.annotation.PackagesAnnotationFilter::matches (42 bytes)
Event: 2.181 Thread 0x0000027e6fc1c3d0 nmethod 1629 0x0000027e54bb1010 code [0x0000027e54bb11e0, 0x0000027e54bb14e8]
Event: 2.181 Thread 0x0000027e6fc1c3d0 1630       3       org.springframework.core.annotation.AnnotationsScanner::getDeclaredAnnotations (166 bytes)
Event: 2.182 Thread 0x0000027e6fc1c3d0 nmethod 1630 0x0000027e54bb1690 code [0x0000027e54bb19a0, 0x0000027e54bb2f58]
Event: 2.183 Thread 0x0000027e6fc1c3d0 1631       3       org.springframework.core.annotation.AnnotationFilter::matches (11 bytes)
Event: 2.183 Thread 0x0000027e6fc1c3d0 nmethod 1631 0x0000027e54bb3410 code [0x0000027e54bb35c0, 0x0000027e54bb3898]
Event: 2.185 Thread 0x0000027e6fc1c3d0 1632       3       java.util.concurrent.ConcurrentHashMap::put (8 bytes)
Event: 2.185 Thread 0x0000027e6fc1c3d0 nmethod 1632 0x0000027e54bb3990 code [0x0000027e54bb3b20, 0x0000027e54bb3c68]
Event: 2.185 Thread 0x0000027e6fc1c3d0 1633       1       ch.qos.logback.classic.selector.DefaultContextSelector::getDefaultLoggerContext (5 bytes)
Event: 2.185 Thread 0x0000027e6fc1c3d0 nmethod 1633 0x0000027e5be88210 code [0x0000027e5be883a0, 0x0000027e5be88478]
Event: 2.195 Thread 0x0000027e6fc1c3d0 1634       1       java.security.PermissionCollection::isReadOnly (5 bytes)
Event: 2.195 Thread 0x0000027e6fc1c3d0 nmethod 1634 0x0000027e5be88510 code [0x0000027e5be886a0, 0x0000027e5be88778]

GC Heap History (4 events):
Event: 1.333 GC heap before
{Heap before GC invocations=0 (full 0):
 garbage-first heap   total 243712K, used 22528K [0x0000000712c00000, 0x0000000800000000)
  region size 2048K, 11 young (22528K), 0 survivors (0K)
 Metaspace       used 5476K, committed 5632K, reserved 1056768K
  class space    used 643K, committed 704K, reserved 1048576K
}
Event: 1.340 GC heap after
{Heap after GC invocations=1 (full 0):
 garbage-first heap   total 243712K, used 6256K [0x0000000712c00000, 0x0000000800000000)
  region size 2048K, 2 young (4096K), 2 survivors (4096K)
 Metaspace       used 5476K, committed 5632K, reserved 1056768K
  class space    used 643K, committed 704K, reserved 1048576K
}
Event: 2.091 GC heap before
{Heap before GC invocations=1 (full 0):
 garbage-first heap   total 243712K, used 26736K [0x0000000712c00000, 0x0000000800000000)
  region size 2048K, 13 young (26624K), 2 survivors (4096K)
 Metaspace       used 11025K, committed 11264K, reserved 1064960K
  class space    used 1353K, committed 1472K, reserved 1048576K
}
Event: 2.096 GC heap after
{Heap after GC invocations=2 (full 0):
 garbage-first heap   total 243712K, used 7727K [0x0000000712c00000, 0x0000000800000000)
  region size 2048K, 1 young (2048K), 1 survivors (2048K)
 Metaspace       used 11025K, committed 11264K, reserved 1064960K
  class space    used 1353K, committed 1472K, reserved 1048576K
}

Deoptimization events (20 events):
Event: 1.805 Thread 0x0000027e4c836860 Uncommon trap: trap_request=0xffffffde fr.pc=0x0000027e5be705ac relative=0x000000000000010c
Event: 1.805 Thread 0x0000027e4c836860 Uncommon trap: reason=class_check action=maybe_recompile pc=0x0000027e5be705ac method=jdk.internal.misc.Unsafe.allocateUninitializedArray(Ljava/lang/Class;I)Ljava/lang/Object; @ 51 c2
Event: 1.805 Thread 0x0000027e4c836860 DEOPT PACKING pc=0x0000027e5be705ac sp=0x000000ed53bfbf50
Event: 1.805 Thread 0x0000027e4c836860 DEOPT UNPACKING pc=0x0000027e543723a3 sp=0x000000ed53bfbed8 mode 2
Event: 1.805 Thread 0x0000027e4c836860 Uncommon trap: trap_request=0xffffffde fr.pc=0x0000027e5be705ac relative=0x000000000000010c
Event: 1.805 Thread 0x0000027e4c836860 Uncommon trap: reason=class_check action=maybe_recompile pc=0x0000027e5be705ac method=jdk.internal.misc.Unsafe.allocateUninitializedArray(Ljava/lang/Class;I)Ljava/lang/Object; @ 51 c2
Event: 1.805 Thread 0x0000027e4c836860 DEOPT PACKING pc=0x0000027e5be705ac sp=0x000000ed53bfbb50
Event: 1.805 Thread 0x0000027e4c836860 DEOPT UNPACKING pc=0x0000027e543723a3 sp=0x000000ed53bfbad8 mode 2
Event: 1.806 Thread 0x0000027e4c836860 Uncommon trap: trap_request=0xffffffde fr.pc=0x0000027e5be705ac relative=0x000000000000010c
Event: 1.806 Thread 0x0000027e4c836860 Uncommon trap: reason=class_check action=maybe_recompile pc=0x0000027e5be705ac method=jdk.internal.misc.Unsafe.allocateUninitializedArray(Ljava/lang/Class;I)Ljava/lang/Object; @ 51 c2
Event: 1.806 Thread 0x0000027e4c836860 DEOPT PACKING pc=0x0000027e5be705ac sp=0x000000ed53bfa290
Event: 1.806 Thread 0x0000027e4c836860 DEOPT UNPACKING pc=0x0000027e543723a3 sp=0x000000ed53bfa218 mode 2
Event: 2.048 Thread 0x0000027e4c836860 Uncommon trap: trap_request=0xffffff45 fr.pc=0x0000027e5be2cf60 relative=0x0000000000001260
Event: 2.048 Thread 0x0000027e4c836860 Uncommon trap: reason=unstable_if action=reinterpret pc=0x0000027e5be2cf60 method=java.io.WinNTFileSystem.normalize(Ljava/lang/String;II)Ljava/lang/String; @ 87 c2
Event: 2.048 Thread 0x0000027e4c836860 DEOPT PACKING pc=0x0000027e5be2cf60 sp=0x000000ed53bfe770
Event: 2.048 Thread 0x0000027e4c836860 DEOPT UNPACKING pc=0x0000027e543723a3 sp=0x000000ed53bfe6c8 mode 2
Event: 2.141 Thread 0x0000027e4c836860 Uncommon trap: trap_request=0xffffff45 fr.pc=0x0000027e5be56c7c relative=0x00000000000002dc
Event: 2.141 Thread 0x0000027e4c836860 Uncommon trap: reason=unstable_if action=reinterpret pc=0x0000027e5be56c7c method=jdk.internal.org.objectweb.asm.SymbolTable.put(Ljdk/internal/org/objectweb/asm/SymbolTable$Entry;)Ljdk/internal/org/objectweb/asm/SymbolTable$Entry; @ 13 c2
Event: 2.141 Thread 0x0000027e4c836860 DEOPT PACKING pc=0x0000027e5be56c7c sp=0x000000ed53bfd200
Event: 2.141 Thread 0x0000027e4c836860 DEOPT UNPACKING pc=0x0000027e543723a3 sp=0x000000ed53bfd180 mode 2

Classes unloaded (0 events):
No events

Classes redefined (0 events):
No events

Internal exceptions (20 events):
Event: 1.403 Thread 0x0000027e4c836860 Exception <a 'java/lang/NoSuchMethodError'{0x0000000721984a98}: 'java.lang.Object java.lang.invoke.DirectMethodHandle$Holder.invokeSpecial(java.lang.Object, java.lang.Object, java.lang.Object, java.lang.Object, java.lang.Object, java.lang.Object, java.lang.Object, int)'> (0x0000000721984a98) 
thrown [c:\wsjdk\corretto17src\installers\windows\zip\corretto-build\buildroot\src\hotspot\share\interpreter\linkResolver.cpp, line 766]
Event: 1.460 Thread 0x0000027e4c836860 Exception <a 'java/lang/NoSuchMethodError'{0x00000007216b9588}: 'int java.lang.invoke.DirectMethodHandle$Holder.invokeInterface(java.lang.Object, java.lang.Object)'> (0x00000007216b9588) 
thrown [c:\wsjdk\corretto17src\installers\windows\zip\corretto-build\buildroot\src\hotspot\share\interpreter\linkResolver.cpp, line 766]
Event: 1.493 Thread 0x0000027e4c836860 Exception <a 'java/lang/NoSuchMethodError'{0x0000000721779070}: 'void java.lang.invoke.DirectMethodHandle$Holder.invokeSpecial(java.lang.Object, java.lang.Object, java.lang.Object, java.lang.Object, java.lang.Object)'> (0x0000000721779070) 
thrown [c:\wsjdk\corretto17src\installers\windows\zip\corretto-build\buildroot\src\hotspot\share\interpreter\linkResolver.cpp, line 766]
Event: 1.604 Thread 0x0000027e4c836860 Exception <a 'java/lang/NoSuchMethodError'{0x00000007215e1c70}: 'void java.lang.invoke.DirectMethodHandle$Holder.invokeSpecial(java.lang.Object, java.lang.Object, java.lang.Object, java.lang.Object, java.lang.Object, java.lang.Object)'> (0x00000007215e1c70) 
thrown [c:\wsjdk\corretto17src\installers\windows\zip\corretto-build\buildroot\src\hotspot\share\interpreter\linkResolver.cpp, line 766]
Event: 1.628 Thread 0x0000027e4c836860 Exception <a 'java/lang/NoSuchMethodError'{0x0000000721267b38}: 'java.lang.Object java.lang.invoke.DirectMethodHandle$Holder.invokeSpecial(java.lang.Object, java.lang.Object, java.lang.Object, int, java.lang.Object)'> (0x0000000721267b38) 
thrown [c:\wsjdk\corretto17src\installers\windows\zip\corretto-build\buildroot\src\hotspot\share\interpreter\linkResolver.cpp, line 766]
Event: 1.630 Thread 0x0000027e4c836860 Exception <a 'java/lang/NoSuchMethodError'{0x00000007212703e8}: 'java.lang.Object java.lang.invoke.DirectMethodHandle$Holder.newInvokeSpecial(java.lang.Object, java.lang.Object, java.lang.Object, int, java.lang.Object)'> (0x00000007212703e8) 
thrown [c:\wsjdk\corretto17src\installers\windows\zip\corretto-build\buildroot\src\hotspot\share\interpreter\linkResolver.cpp, line 766]
Event: 1.631 Thread 0x0000027e4c836860 Exception <a 'java/lang/NoSuchMethodError'{0x0000000721277db8}: 'java.lang.Object java.lang.invoke.Invokers$Holder.linkToTargetMethod(java.lang.Object, java.lang.Object, int, java.lang.Object, java.lang.Object)'> (0x0000000721277db8) 
thrown [c:\wsjdk\corretto17src\installers\windows\zip\corretto-build\buildroot\src\hotspot\share\interpreter\linkResolver.cpp, line 766]
Event: 1.633 Thread 0x0000027e4c836860 Exception <a 'java/lang/NoSuchMethodError'{0x0000000721287660}: 'java.lang.Object java.lang.invoke.DirectMethodHandle$Holder.newInvokeSpecial(java.lang.Object, int, java.lang.Object)'> (0x0000000721287660) 
thrown [c:\wsjdk\corretto17src\installers\windows\zip\corretto-build\buildroot\src\hotspot\share\interpreter\linkResolver.cpp, line 766]
Event: 1.634 Thread 0x0000027e4c836860 Exception <a 'java/lang/NoSuchMethodError'{0x000000072128c3c8}: 'int java.lang.invoke.DirectMethodHandle$Holder.invokeSpecialIFC(java.lang.Object, java.lang.Object, java.lang.Object, java.lang.Object)'> (0x000000072128c3c8) 
thrown [c:\wsjdk\corretto17src\installers\windows\zip\corretto-build\buildroot\src\hotspot\share\interpreter\linkResolver.cpp, line 766]
Event: 1.659 Thread 0x0000027e4c836860 Exception <a 'java/lang/NoSuchMethodError'{0x000000072133ba88}: 'java.lang.Object java.lang.invoke.DirectMethodHandle$Holder.invokeInterface(java.lang.Object, java.lang.Object)'> (0x000000072133ba88) 
thrown [c:\wsjdk\corretto17src\installers\windows\zip\corretto-build\buildroot\src\hotspot\share\interpreter\linkResolver.cpp, line 766]
Event: 1.663 Thread 0x0000027e4c836860 Exception <a 'java/lang/NoSuchMethodError'{0x000000072134c490}: 'void java.lang.invoke.DirectMethodHandle$Holder.invokeInterface(java.lang.Object, java.lang.Object, java.lang.Object)'> (0x000000072134c490) 
thrown [c:\wsjdk\corretto17src\installers\windows\zip\corretto-build\buildroot\src\hotspot\share\interpreter\linkResolver.cpp, line 766]
Event: 1.695 Thread 0x0000027e4c836860 Exception <a 'java/lang/NoSuchMethodError'{0x00000007213c19c0}: 'void java.lang.invoke.DirectMethodHandle$Holder.invokeStatic(java.lang.Object, java.lang.Object)'> (0x00000007213c19c0) 
thrown [c:\wsjdk\corretto17src\installers\windows\zip\corretto-build\buildroot\src\hotspot\share\interpreter\linkResolver.cpp, line 766]
Event: 1.696 Thread 0x0000027e4c836860 Exception <a 'java/lang/NoSuchMethodError'{0x00000007213c51c0}: 'void java.lang.invoke.DirectMethodHandle$Holder.invokeStaticInit(java.lang.Object, java.lang.Object)'> (0x00000007213c51c0) 
thrown [c:\wsjdk\corretto17src\installers\windows\zip\corretto-build\buildroot\src\hotspot\share\interpreter\linkResolver.cpp, line 766]
Event: 1.700 Thread 0x0000027e4c836860 Exception <a 'java/lang/NoSuchMethodError'{0x00000007213d2840}: 'void java.lang.invoke.DirectMethodHandle$Holder.invokeStaticInit(java.lang.Object, java.lang.Object, java.lang.Object)'> (0x00000007213d2840) 
thrown [c:\wsjdk\corretto17src\installers\windows\zip\corretto-build\buildroot\src\hotspot\share\interpreter\linkResolver.cpp, line 766]
Event: 1.779 Thread 0x0000027e4c836860 Exception <a 'java/lang/NoSuchMethodError'{0x00000007210796f0}: 'void java.lang.invoke.DirectMethodHandle$Holder.invokeVirtual(java.lang.Object, java.lang.Object, java.lang.Object, java.lang.Object)'> (0x00000007210796f0) 
thrown [c:\wsjdk\corretto17src\installers\windows\zip\corretto-build\buildroot\src\hotspot\share\interpreter\linkResolver.cpp, line 766]
Event: 1.846 Thread 0x0000027e4c836860 Exception <a 'java/lang/NoSuchMethodError'{0x00000007211f4930}: 'void java.lang.invoke.DirectMethodHandle$Holder.invokeSpecial(java.lang.Object, java.lang.Object, java.lang.Object)'> (0x00000007211f4930) 
thrown [c:\wsjdk\corretto17src\installers\windows\zip\corretto-build\buildroot\src\hotspot\share\interpreter\linkResolver.cpp, line 766]
Event: 1.858 Thread 0x0000027e7078f140 Exception <a 'java/lang/NoClassDefFoundError'{0x0000000720e865c0}: javax/validation/Validation> (0x0000000720e865c0) 
thrown [c:\wsjdk\corretto17src\installers\windows\zip\corretto-build\buildroot\src\hotspot\share\classfile\systemDictionary.cpp, line 245]
Event: 1.859 Thread 0x0000027e4c836860 Exception <a 'java/lang/IncompatibleClassChangeError'{0x0000000720e22d38}: Found class java.lang.Object, but interface was expected> (0x0000000720e22d38) 
thrown [c:\wsjdk\corretto17src\installers\windows\zip\corretto-build\buildroot\src\hotspot\share\interpreter\linkResolver.cpp, line 833]
Event: 1.914 Thread 0x0000027e7078f140 Exception <a 'java/lang/NoSuchMethodError'{0x0000000720c94f90}: 'java.lang.Object java.lang.invoke.DirectMethodHandle$Holder.invokeStaticInit(java.lang.Object, java.lang.Object, java.lang.Object, java.lang.Object, java.lang.Object)'> (0x0000000720c94f90) 
thrown [c:\wsjdk\corretto17src\installers\windows\zip\corretto-build\buildroot\src\hotspot\share\interpreter\linkResolver.cpp, line 766]
Event: 2.056 Thread 0x0000027e4c836860 Exception <a 'java/lang/NoSuchMethodError'{0x00000007207b2e08}: 'org.slf4j.impl.StaticMDCBinder org.slf4j.impl.StaticMDCBinder.getSingleton()'> (0x00000007207b2e08) 
thrown [c:\wsjdk\corretto17src\installers\windows\zip\corretto-build\buildroot\src\hotspot\share\interpreter\linkResolver.cpp, line 766]

VM Operations (16 events):
Event: 0.300 Executing VM operation: HandshakeAllThreads
Event: 0.300 Executing VM operation: HandshakeAllThreads done
Event: 0.716 Executing VM operation: HandshakeAllThreads
Event: 0.716 Executing VM operation: HandshakeAllThreads done
Event: 0.755 Executing VM operation: HandshakeAllThreads
Event: 0.755 Executing VM operation: HandshakeAllThreads done
Event: 1.074 Executing VM operation: HandshakeAllThreads
Event: 1.074 Executing VM operation: HandshakeAllThreads done
Event: 1.074 Executing VM operation: Cleanup
Event: 1.074 Executing VM operation: Cleanup done
Event: 1.333 Executing VM operation: G1CollectForAllocation
Event: 1.340 Executing VM operation: G1CollectForAllocation done
Event: 1.874 Executing VM operation: HandshakeAllThreads
Event: 1.874 Executing VM operation: HandshakeAllThreads done
Event: 2.091 Executing VM operation: G1CollectForAllocation
Event: 2.096 Executing VM operation: G1CollectForAllocation done

Events (20 events):
Event: 2.134 loading class jdk/internal/reflect/MethodAccessorGenerator$1
Event: 2.135 loading class jdk/internal/reflect/MethodAccessorGenerator$1 done
Event: 2.135 loading class jdk/internal/reflect/ClassDefiner
Event: 2.135 loading class jdk/internal/reflect/ClassDefiner done
Event: 2.135 loading class jdk/internal/reflect/ClassDefiner$1
Event: 2.135 loading class jdk/internal/reflect/ClassDefiner$1 done
Event: 2.135 loading class jdk/internal/reflect/BootstrapConstructorAccessorImpl
Event: 2.135 loading class jdk/internal/reflect/BootstrapConstructorAccessorImpl done
Event: 2.135 loading class java/lang/annotation/Repeatable
Event: 2.135 loading class java/lang/annotation/Repeatable done
Event: 2.171 loading class java/util/RegularEnumSet$EnumSetIterator
Event: 2.172 loading class java/util/RegularEnumSet$EnumSetIterator done
Event: 2.176 loading class java/beans/Introspector
Event: 2.177 loading class java/beans/Introspector done
Event: 2.177 loading class java/beans/EventSetDescriptor
Event: 2.177 loading class java/beans/EventSetDescriptor done
Event: 2.177 loading class java/beans/Introspector$1
Event: 2.177 loading class jdk/internal/access/JavaBeansAccess
Event: 2.177 loading class jdk/internal/access/JavaBeansAccess done
Event: 2.177 loading class java/beans/Introspector$1 done


Dynamic libraries:
0x00007ff6056a0000 - 0x00007ff6056ad000 	C:\Users\Han\.jdks\corretto-17.0.3\bin\java.exe
0x00007ffc02030000 - 0x00007ffc02244000 	C:\WINDOWS\SYSTEM32\ntdll.dll
0x00007ffc00890000 - 0x00007ffc00953000 	C:\WINDOWS\System32\KERNEL32.DLL
0x00007ffbffa70000 - 0x00007ffbffe0c000 	C:\WINDOWS\System32\KERNELBASE.dll
0x00007ffbff4e0000 - 0x00007ffbff5f1000 	C:\WINDOWS\System32\ucrtbase.dll
0x00007ffbdd2c0000 - 0x00007ffbdd2d8000 	C:\Users\Han\.jdks\corretto-17.0.3\bin\jli.dll
0x00007ffbdd2e0000 - 0x00007ffbdd2f5000 	C:\Users\Han\.jdks\corretto-17.0.3\bin\VCRUNTIME140.dll
0x00007ffbffe90000 - 0x00007ffc0003d000 	C:\WINDOWS\System32\USER32.dll
0x00007ffbffe10000 - 0x00007ffbffe36000 	C:\WINDOWS\System32\win32u.dll
0x00007ffc00a60000 - 0x00007ffc00a89000 	C:\WINDOWS\System32\GDI32.dll
0x00007ffbff600000 - 0x00007ffbff713000 	C:\WINDOWS\System32\gdi32full.dll
0x00007ffbe7290000 - 0x00007ffbe751e000 	C:\WINDOWS\WinSxS\amd64_microsoft.windows.common-controls_6595b64144ccf1df_6.0.22621.608_none_a9444ca7c10bb01d\COMCTL32.dll
0x00007ffbff720000 - 0x00007ffbff7ba000 	C:\WINDOWS\System32\msvcp_win.dll
0x00007ffc00c30000 - 0x00007ffc00cd7000 	C:\WINDOWS\System32\msvcrt.dll
0x00007ffbffe50000 - 0x00007ffbffe81000 	C:\WINDOWS\System32\IMM32.DLL
0x00007ffbdd220000 - 0x00007ffbdd2bb000 	C:\Users\Han\.jdks\corretto-17.0.3\bin\msvcp140.dll
0x00007ffb745e0000 - 0x00007ffb751fb000 	C:\Users\Han\.jdks\corretto-17.0.3\bin\server\jvm.dll
0x00007ffc014d0000 - 0x00007ffc0157e000 	C:\WINDOWS\System32\ADVAPI32.dll
0x00007ffc019b0000 - 0x00007ffc01a54000 	C:\WINDOWS\System32\sechost.dll
0x00007ffc01880000 - 0x00007ffc01995000 	C:\WINDOWS\System32\RPCRT4.dll
0x00007ffc019a0000 - 0x00007ffc019a8000 	C:\WINDOWS\System32\PSAPI.DLL
0x00007ffbf8080000 - 0x00007ffbf80b4000 	C:\WINDOWS\SYSTEM32\WINMM.dll
0x00007ffba69c0000 - 0x00007ffba69c9000 	C:\WINDOWS\SYSTEM32\WSOCK32.dll
0x00007ffbf52e0000 - 0x00007ffbf52ea000 	C:\WINDOWS\SYSTEM32\VERSION.dll
0x00007ffc00550000 - 0x00007ffc005c1000 	C:\WINDOWS\System32\WS2_32.dll
0x00007ffbfe430000 - 0x00007ffbfe448000 	C:\WINDOWS\SYSTEM32\kernel.appcore.dll
0x00007ffbead80000 - 0x00007ffbead8a000 	C:\Users\Han\.jdks\corretto-17.0.3\bin\jimage.dll
0x00007ffbfd0a0000 - 0x00007ffbfd2ce000 	C:\WINDOWS\SYSTEM32\DBGHELP.DLL
0x00007ffc00040000 - 0x00007ffc003c9000 	C:\WINDOWS\System32\combase.dll
0x00007ffc01710000 - 0x00007ffc017e7000 	C:\WINDOWS\System32\OLEAUT32.dll
0x00007ffbed3e0000 - 0x00007ffbed412000 	C:\WINDOWS\SYSTEM32\dbgcore.DLL
0x00007ffbff7c0000 - 0x00007ffbff83b000 	C:\WINDOWS\System32\bcryptPrimitives.dll
0x00007ffbdd1a0000 - 0x00007ffbdd1c5000 	C:\Users\Han\.jdks\corretto-17.0.3\bin\java.dll
0x00007ffb918a0000 - 0x00007ffb91976000 	C:\Users\Han\.jdks\corretto-17.0.3\bin\jsvml.dll
0x00007ffc00ce0000 - 0x00007ffc014d0000 	C:\WINDOWS\System32\SHELL32.dll
0x00007ffbfd430000 - 0x00007ffbfdcfe000 	C:\WINDOWS\SYSTEM32\windows.storage.dll
0x00007ffbfd2f0000 - 0x00007ffbfd42e000 	C:\WINDOWS\SYSTEM32\wintypes.dll
0x00007ffc00960000 - 0x00007ffc00a51000 	C:\WINDOWS\System32\SHCORE.dll
0x00007ffc003d0000 - 0x00007ffc0042e000 	C:\WINDOWS\System32\shlwapi.dll
0x00007ffbff3a0000 - 0x00007ffbff3c1000 	C:\WINDOWS\SYSTEM32\profapi.dll
0x00007ffbdd150000 - 0x00007ffbdd169000 	C:\Users\Han\.jdks\corretto-17.0.3\bin\net.dll
0x00007ffbf7c60000 - 0x00007ffbf7d8f000 	C:\WINDOWS\SYSTEM32\WINHTTP.dll
0x00007ffbfe8e0000 - 0x00007ffbfe949000 	C:\WINDOWS\system32\mswsock.dll
0x00007ffbdd130000 - 0x00007ffbdd145000 	C:\Users\Han\.jdks\corretto-17.0.3\bin\nio.dll
0x00007ffbdd110000 - 0x00007ffbdd128000 	C:\Users\Han\.jdks\corretto-17.0.3\bin\zip.dll
0x00007ffbeacf0000 - 0x00007ffbead00000 	C:\Users\Han\.jdks\corretto-17.0.3\bin\verify.dll
0x00007ffbea880000 - 0x00007ffbea889000 	C:\Users\Han\.jdks\corretto-17.0.3\bin\management.dll
0x00007ffbdd100000 - 0x00007ffbdd10b000 	C:\Users\Han\.jdks\corretto-17.0.3\bin\management_ext.dll
0x00007ffbe12e0000 - 0x00007ffbe12f7000 	C:\WINDOWS\system32\napinsp.dll
0x00007ffbe12c0000 - 0x00007ffbe12db000 	C:\WINDOWS\system32\pnrpnsp.dll
0x00007ffbfdfc0000 - 0x00007ffbfe0b3000 	C:\WINDOWS\SYSTEM32\DNSAPI.dll
0x00007ffbfdf50000 - 0x00007ffbfdf7d000 	C:\WINDOWS\SYSTEM32\IPHLPAPI.DLL
0x00007ffc01600000 - 0x00007ffc01609000 	C:\WINDOWS\System32\NSI.dll
0x00007ffbe11a0000 - 0x00007ffbe11b1000 	C:\WINDOWS\System32\winrnr.dll
0x00007ffbf7970000 - 0x00007ffbf7985000 	C:\WINDOWS\system32\wshbth.dll
0x00007ffbe1170000 - 0x00007ffbe1191000 	C:\WINDOWS\system32\nlansp_c.dll
0x00007ffbf61d0000 - 0x00007ffbf61da000 	C:\Windows\System32\rasadhlp.dll
0x00007ffbf6320000 - 0x00007ffbf63a3000 	C:\WINDOWS\System32\fwpuclnt.dll

dbghelp: loaded successfully - version: 4.0.5 - missing functions: none
symbol engine: initialized successfully - sym options: 0x614 - pdb path: .;C:\Users\Han\.jdks\corretto-17.0.3\bin;C:\WINDOWS\SYSTEM32;C:\WINDOWS\WinSxS\amd64_microsoft.windows.common-controls_6595b64144ccf1df_6.0.22621.608_none_a9444ca7c10bb01d;C:\Users\Han\.jdks\corretto-17.0.3\bin\server

VM Arguments:
jvm_args: -Dfile.encoding=UTF-8 -Duser.country=KR -Duser.language=ko -Duser.variant 
java_command: openapi.bldrgst.BldrgstApplication
java_class_path (initial): C:\Users\Han\Desktop\programming\Jeju_Project\bldrgst\bldrgst\build\classes\java\main;C:\Users\Han\Desktop\programming\Jeju_Project\bldrgst\bldrgst\build\resources\main;C:\Users\Han\.gradle\caches\modules-2\files-2.1\org.springframework.boot\spring-boot-starter-data-jpa\2.7.10\cb5e326fa1d1c4dfc276a9620e539a01ddf3d4e\spring-boot-starter-data-jpa-2.7.10.jar;C:\Users\Han\.gradle\caches\modules-2\files-2.1\org.springframework.boot\spring-boot-starter-web\2.7.10\aff75a41f298e83ad9542d8f26b12bbe8e105c35\spring-boot-starter-web-2.7.10.jar;C:\Users\Han\.gradle\caches\modules-2\files-2.1\com.googlecode.json-simple\json-simple\1.1.1\c9ad4a0850ab676c5c64461a05ca524cdfff59f1\json-simple-1.1.1.jar;C:\Users\Han\.gradle\caches\modules-2\files-2.1\com.h2database\h2\2.1.214\d5c2005c9e3279201e12d4776c948578b16bf8b2\h2-2.1.214.jar;C:\Users\Han\.gradle\caches\modules-2\files-2.1\org.springframework.boot\spring-boot-starter-aop\2.7.10\a2c1fb64ece19aeee431a98bdd9fc43f83fbeda9\spring-boot-starter-aop-2.7.10.jar;C:\Users\Han\.gradle\caches\modules-2\files-2.1\org.springframework.boot\spring-boot-starter-jdbc\2.7.10\2ecdd15d885abe4d68dfbeb9dde4864b78fb4509\spring-boot-starter-jdbc-2.7.10.jar;C:\Users\Han\.gradle\caches\modules-2\files-2.1\jakarta.transaction\jakarta.transaction-api\1.3.3\c4179d48720a1e87202115fbed6089bdc4195405\jakarta.transaction-api-1.3.3.jar;C:\Users\Han\.gradle\caches\modules-2\files-2.1\jakarta.persistence\jakarta.persistence-api\2.2.3\8f6ea5daedc614f07a3654a455660145286f024e\jakarta.persistence-api-2.2.3.jar;C:\Users\Han\.gradle\caches\modules-2\files-2.1\org.hibernate\hibernate-core\5.6.15.Final\ab14b7cef1fdff654ca81923048a6034d6c7cfa7\hibernate-core-5.6.15.Final.jar;C:\Users\Han\.gradle\caches\modules-2\files-2.1\org.springframework.data\spring-data-jpa\2.7.10\dfb83414eb6a8609bd71dc3ddae82e973698a091\spring-data-jpa-2.7.10.jar;C:\Users\Han\.gradle\caches\modules-2\files-2.1\org.springframework\spring-aspects\5.3.26\a2614dbb277b9c7938776c
Launcher Type: SUN_STANDARD

[Global flags]
     intx CICompilerCount                          = 4                                         {product} {ergonomic}
     uint ConcGCThreads                            = 3                                         {product} {ergonomic}
     uint G1ConcRefinementThreads                  = 10                                        {product} {ergonomic}
   size_t G1HeapRegionSize                         = 2097152                                   {product} {ergonomic}
    uintx GCDrainStackTargetSize                   = 64                                        {product} {ergonomic}
   size_t InitialHeapSize                          = 249561088                                 {product} {ergonomic}
   size_t MarkStackSize                            = 4194304                                   {product} {ergonomic}
   size_t MaxHeapSize                              = 3980394496                                {product} {ergonomic}
   size_t MaxNewSize                               = 2386558976                                {product} {ergonomic}
   size_t MinHeapDeltaBytes                        = 2097152                                   {product} {ergonomic}
   size_t MinHeapSize                              = 8388608                                   {product} {ergonomic}
    uintx NonNMethodCodeHeapSize                   = 5839372                                {pd product} {ergonomic}
    uintx NonProfiledCodeHeapSize                  = 122909434                              {pd product} {ergonomic}
    uintx ProfiledCodeHeapSize                     = 122909434                              {pd product} {ergonomic}
    uintx ReservedCodeCacheSize                    = 251658240                              {pd product} {ergonomic}
     bool SegmentedCodeCache                       = true                                      {product} {ergonomic}
   size_t SoftMaxHeapSize                          = 3980394496                             {manageable} {ergonomic}
     bool UseCompressedClassPointers               = true                           {product lp64_product} {ergonomic}
     bool UseCompressedOops                        = true                           {product lp64_product} {ergonomic}
     bool UseG1GC                                  = true                                      {product} {ergonomic}
     bool UseLargePagesIndividualAllocation        = false                                  {pd product} {ergonomic}

Logging:
Log output configuration:
 #0: stdout all=warning uptime,level,tags
 #1: stderr all=off uptime,level,tags

Environment Variables:
JAVA_HOME=C:\Program Files\Zulu\zulu-11
CLASSPATH=C:\Program Files\Zulu\zulu-11\lib
PATH=C:\Program Files\Zulu\zulu-11\bin\;C:\Program Files (x86)\Common Files\Oracle\Java\javapath;C:\WINDOWS\system32;C:\WINDOWS;C:\WINDOWS\System32\Wbem;C:\WINDOWS\System32\WindowsPowerShell\v1.0\;C:\WINDOWS\System32\OpenSSH\;C:\Program Files\MySQL\MySQL Server 8.0\bin;C:\Program Files\Git\cmd;C:\Program Files\Zulu\zulu-11\bin;C:\Users\Han\AppData\Roaming\nvm;C:\Program Files\nodejs;C:\Program Files\Docker\Docker\resources\bin;C:\Program Files\MySQL\MySQL Shell 8.0\bin\;C:\Users\Han\anaconda3;C:\Users\Han\anaconda3\Library\mingw-w64\bin;C:\Users\Han\anaconda3\Library\usr\bin;C:\Users\Han\anaconda3\Library\bin;C:\Users\Han\anaconda3\Scripts;C:\Users\Han\AppData\Local\Programs\Python\Python310\Scripts\;C:\Users\Han\AppData\Local\Programs\Python\Python310\;C:\Users\Han\AppData\Local\Microsoft\WindowsApps;C:\Users\Han\AppData\Local\Programs\Microsoft VS Code\bin;C:\Program Files\JetBrains\IntelliJ IDEA Community Edition 2021.3.3\bin;C:\Users\Han\AppData\Local\JetBrains\Toolbox\scripts;C:\Users\Han\AppData\Roaming\npm;C:\Users\Han\AppData\Roaming\nvm;C:\Program Files\nodejs;C:\Users\Han\AppData\Local\Microsoft\WindowsApps;
USERNAME=Han
OS=Windows_NT
PROCESSOR_IDENTIFIER=AMD64 Family 25 Model 80 Stepping 0, AuthenticAMD



---------------  S Y S T E M  ---------------

OS:
 Windows 11 , 64 bit Build 22621 (10.0.22621.1344)
OS uptime: 0 days 3:05 hours
Hyper-V role detected

CPU: total 12 (initial active 12) (12 cores per cpu, 2 threads per core) family 25 model 80 stepping 0 microcode 0x0, cx8, cmov, fxsr, ht, mmx, 3dnowpref, sse, sse2, sse3, ssse3, sse4a, sse4.1, sse4.2, popcnt, lzcnt, tsc, tscinvbit, avx, avx2, aes, erms, clmul, bmi1, bmi2, adx, sha, fma, vzeroupper, clflush, clflushopt, hv

Memory: 4k page, system-wide physical 15182M (3468M free)
TotalPageFile size 17975M (AvailPageFile size 0M)
current process WorkingSet (physical memory assigned to process): 110M, peak: 110M
current process commit charge ("private bytes"): 365M, peak: 365M

vm_info: OpenJDK 64-Bit Server VM (17.0.3+6-LTS) for windows-amd64 JRE (17.0.3+6-LTS), built on Apr 15 2022 22:16:02 by "Administrator" with MS VC++ 15.9 (VS2017)

END.
